{
  "RSpec": {
    "coverage": {
      "/home/george/projects/ruby/rails/awesome-todo/config/environment.rb": [
        null,
        1,
        null,
        null,
        1
      ],
      "/home/george/projects/ruby/rails/awesome-todo/config/application.rb": [
        1,
        null,
        1,
        null,
        null,
        null,
        1,
        null,
        1,
        1,
        null,
        null,
        null,
        null,
        null,
        null,
        null,
        null,
        null,
        null,
        null,
        null,
        null,
        1,
        null,
        null
      ],
      "/home/george/projects/ruby/rails/awesome-todo/config/boot.rb": [
        1,
        null,
        1
      ],
      "/home/george/projects/ruby/rails/awesome-todo/config/environments/test.rb": [
        1,
        null,
        null,
        null,
        null,
        null,
        null,
        1,
        null,
        null,
        null,
        null,
        1,
        null,
        null,
        1,
        1,
        null,
        null,
        1,
        1,
        null,
        null,
        1,
        null,
        null,
        1,
        null,
        null,
        null,
        null,
        1,
        null,
        null,
        1,
        null,
        null,
        1,
        null,
        null,
        null,
        null
      ],
      "/home/george/projects/ruby/rails/awesome-todo/config/initializers/assets.rb": [
        null,
        null,
        null,
        1,
        null,
        null,
        null,
        null,
        null,
        null,
        null
      ],
      "/home/george/projects/ruby/rails/awesome-todo/config/initializers/backtrace_silencers.rb": [
        null,
        null,
        null,
        null,
        null,
        null,
        null
      ],
      "/home/george/projects/ruby/rails/awesome-todo/config/initializers/cookies_serializer.rb": [
        null,
        null,
        1
      ],
      "/home/george/projects/ruby/rails/awesome-todo/config/initializers/filter_parameter_logging.rb": [
        null,
        null,
        null,
        1
      ],
      "/home/george/projects/ruby/rails/awesome-todo/config/initializers/inflections.rb": [
        null,
        null,
        null,
        null,
        null,
        null,
        null,
        null,
        null,
        null,
        null,
        null,
        null,
        null,
        null,
        null
      ],
      "/home/george/projects/ruby/rails/awesome-todo/config/initializers/mime_types.rb": [
        null,
        null,
        null,
        null
      ],
      "/home/george/projects/ruby/rails/awesome-todo/config/initializers/session_store.rb": [
        null,
        null,
        1
      ],
      "/home/george/projects/ruby/rails/awesome-todo/config/initializers/wrap_parameters.rb": [
        null,
        null,
        null,
        null,
        null,
        null,
        1,
        1,
        null,
        null,
        null,
        null,
        null,
        null
      ],
      "/home/george/projects/ruby/rails/awesome-todo/config/routes.rb": [
        1,
        null,
        null,
        null,
        null,
        null,
        null,
        null,
        null,
        null,
        null,
        null,
        null,
        null,
        null,
        null,
        null,
        null,
        null,
        null,
        null,
        null,
        null,
        null,
        null,
        null,
        null,
        null,
        null,
        null,
        null,
        null,
        null,
        null,
        null,
        null,
        null,
        null,
        null,
        null,
        null,
        null,
        null,
        null,
        null,
        null,
        null,
        null,
        null,
        null,
        null,
        null,
        null,
        null,
        null,
        null
      ],
      "/home/george/projects/ruby/rails/awesome-todo/app/helpers/application_helper.rb": [
        1,
        null
      ]
    },
    "timestamp": 1440757473
  }
}
